# JRE version: OpenJDK Runtime Environment (7.0_181-b01) (build 1.7.0_181-b01)
# Java VM: OpenJDK 64-Bit Server VM (24.181-b01 mixed mode linux-amd64 compressed oops)
Heap
 PSYoungGen      total 36864K, used 22744K [0x00000007d7100000, 0x00000007d9a00000, 0x0000000800000000)
  eden space 31744K, 55% used [0x00000007d7100000,0x00000007d8238b28,0x00000007d9000000)
  from space 5120K, 99% used [0x00000007d9500000,0x00000007d99fd5c8,0x00000007d9a00000)
  to   space 5120K, 0% used [0x00000007d9000000,0x00000007d9000000,0x00000007d9500000)
 ParOldGen       total 83456K, used 2842K [0x0000000785400000, 0x000000078a580000, 0x00000007d7100000)
  object space 83456K, 3% used [0x0000000785400000,0x00000007856c6bd8,0x000000078a580000)
 PSPermGen       total 21504K, used 19809K [0x000000077ae00000, 0x000000077c300000, 0x0000000785400000)
  object space 21504K, 92% used [0x000000077ae00000,0x000000077c158718,0x000000077c300000)
GC Heap History (4 events):
Event: 3.260 GC heap before
{Heap before GC invocations=1 (full 0):
 PSYoungGen      total 36864K, used 31744K [0x00000007d7100000, 0x00000007d9a00000, 0x0000000800000000)
  eden space 31744K, 100% used [0x00000007d7100000,0x00000007d9000000,0x00000007d9000000)
  from space 5120K, 0% used [0x00000007d9500000,0x00000007d9500000,0x00000007d9a00000)
  to   space 5120K, 0% used [0x00000007d9000000,0x00000007d9000000,0x00000007d9500000)
 ParOldGen       total 83456K, used 0K [0x0000000785400000, 0x000000078a580000, 0x00000007d7100000)
  object space 83456K, 0% used [0x0000000785400000,0x0000000785400000,0x000000078a580000)
 PSPermGen       total 21504K, used 12225K [0x000000077ae00000, 0x000000077c300000, 0x0000000785400000)
  object space 21504K, 56% used [0x000000077ae00000,0x000000077b9f07c8,0x000000077c300000)
Event: 3.293 GC heap after
Heap after GC invocations=1 (full 0):
 PSYoungGen      total 36864K, used 5112K [0x00000007d7100000, 0x00000007d9a00000, 0x0000000800000000)
  eden space 31744K, 0% used [0x00000007d7100000,0x00000007d7100000,0x00000007d9000000)
  from space 5120K, 99% used [0x00000007d9000000,0x00000007d94fe308,0x00000007d9500000)
  to   space 5120K, 0% used [0x00000007d9500000,0x00000007d9500000,0x00000007d9a00000)
 ParOldGen       total 83456K, used 1503K [0x0000000785400000, 0x000000078a580000, 0x00000007d7100000)
  object space 83456K, 1% used [0x0000000785400000,0x0000000785577e18,0x000000078a580000)
 PSPermGen       total 21504K, used 12225K [0x000000077ae00000, 0x000000077c300000, 0x0000000785400000)
  object space 21504K, 56% used [0x000000077ae00000,0x000000077b9f07c8,0x000000077c300000)
}
Event: 31.947 GC heap before
{Heap before GC invocations=2 (full 0):
 PSYoungGen      total 36864K, used 36856K [0x00000007d7100000, 0x00000007d9a00000, 0x0000000800000000)
  eden space 31744K, 100% used [0x00000007d7100000,0x00000007d9000000,0x00000007d9000000)
  from space 5120K, 99% used [0x00000007d9000000,0x00000007d94fe308,0x00000007d9500000)
  to   space 5120K, 0% used [0x00000007d9500000,0x00000007d9500000,0x00000007d9a00000)
 ParOldGen       total 83456K, used 1503K [0x0000000785400000, 0x000000078a580000, 0x00000007d7100000)
  object space 83456K, 1% used [0x0000000785400000,0x0000000785577e18,0x000000078a580000)
 PSPermGen       total 21504K, used 16492K [0x000000077ae00000, 0x000000077c300000, 0x0000000785400000)
  object space 21504K, 76% used [0x000000077ae00000,0x000000077be1b270,0x000000077c300000)
Event: 31.968 GC heap after
Heap after GC invocations=2 (full 0):
 PSYoungGen      total 36864K, used 5109K [0x00000007d7100000, 0x00000007d9a00000, 0x0000000800000000)
  eden space 31744K, 0% used [0x00000007d7100000,0x00000007d7100000,0x00000007d9000000)
  from space 5120K, 99% used [0x00000007d9500000,0x00000007d99fd5c8,0x00000007d9a00000)
  to   space 5120K, 0% used [0x00000007d9000000,0x00000007d9000000,0x00000007d9500000)
 ParOldGen       total 83456K, used 2842K [0x0000000785400000, 0x000000078a580000, 0x00000007d7100000)
  object space 83456K, 3% used [0x0000000785400000,0x00000007856c6bd8,0x000000078a580000)
 PSPermGen       total 21504K, used 16492K [0x000000077ae00000, 0x000000077c300000, 0x0000000785400000)
  object space 21504K, 76% used [0x000000077ae00000,0x000000077be1b270,0x000000077c300000)
}

